<?xml version="1.0" encoding="UTF-8"?>
<!-- Generated by org.testng.reporters.JUnitReportReporter -->
<testsuite hostname="Rahul" failures="0" tests="4" name="SimpleTravelAgency.VerifyHomePage" time="6.702" errors="0" timestamp="2024-02-17T16:36:12 IST" skipped="0">
  <testcase classname="SimpleTravelAgency.VerifyHomePage" name="verifyHomePageTitle" time="0.227"/>
  <system-out/>
  <testcase classname="SimpleTravelAgency.VerifyHomePage" name="testDestinationLinkOpensNewTab" time="2.370"/>
  <system-out/>
  <testcase classname="SimpleTravelAgency.VerifyHomePage" name="purchaseTicket" time="2.825"/>
  <system-out/>
  <testcase classname="SimpleTravelAgency.VerifyHomePage" name="testTotalCostFormat" time="1.280"/>
  <system-out/>
</testsuite> <!-- SimpleTravelAgency.VerifyHomePage -->
