<?xml version="1.0" encoding="UTF-8"?>
<!-- Generated by org.testng.reporters.JUnitReportReporter -->
<testsuite hostname="Rahul" failures="0" tests="1" name="SimpleTravelAgency.VerifyDestinationPage" time="4.467" errors="0" timestamp="2024-02-16T01:40:45 IST" skipped="0">
  <testcase classname="SimpleTravelAgency.VerifyDestinationPage" name="testDestinationLinkOpensNewTab" time="4.467"/>
  <system-out/>
</testsuite> <!-- SimpleTravelAgency.VerifyDestinationPage -->
