<?xml version="1.0" encoding="UTF-8"?>
<!-- Generated by org.testng.reporters.JUnitReportReporter -->
<testsuite hostname="Rahul" failures="0" tests="1" name="SimpleTravelAgency.VerifyDestinationPage" time="2.959" errors="0" timestamp="2024-02-16T01:57:01 IST" skipped="0">
  <testcase classname="SimpleTravelAgency.VerifyDestinationPage" name="testDestinationLinkOpensNewTab" time="2.959"/>
  <system-out/>
</testsuite> <!-- SimpleTravelAgency.VerifyDestinationPage -->
