<?xml version="1.0" encoding="UTF-8"?>
<!-- Generated by org.testng.reporters.JUnitReportReporter -->
<testsuite hostname="Rahul" failures="0" tests="4" name="SimpleTravelAgency.VerifyHomePage" time="9.824" errors="0" timestamp="2024-02-16T01:40:45 IST" skipped="0">
  <testcase classname="SimpleTravelAgency.VerifyHomePage" name="verifyHomePageTitle" time="0.227"/>
  <system-out/>
  <testcase classname="SimpleTravelAgency.VerifyHomePage" name="testDestinationLinkOpensNewTab" time="2.210"/>
  <system-out/>
  <testcase classname="SimpleTravelAgency.VerifyHomePage" name="purchaseTicket" time="3.102"/>
  <system-out/>
  <testcase classname="SimpleTravelAgency.VerifyHomePage" name="testTotalCostFormat" time="4.285"/>
  <system-out/>
</testsuite> <!-- SimpleTravelAgency.VerifyHomePage -->
